2023-07-06 13:06:38 python3.7 01_decisionTree.py is not running
2023-07-06 13:06:39 python3.7 01_decisionTree.py is not running
2023-07-06 13:06:40 python3.7 01_decisionTree.py is not running
2023-07-06 13:06:41 python3.7 01_decisionTree.py is not running
2023-07-06 13:06:42 python3.7 01_decisionTree.py is not running
2023-07-06 13:06:43 python3.7 01_decisionTree.py is not running
2023-07-06 13:06:44 python3.7 01_decisionTree.py is not running
2023-07-06 13:06:45 python3.7 01_decisionTree.py is not running
2023-07-06 13:06:46 python3.7 01_decisionTree.py is not running
2023-07-06 13:06:47 python3.7 01_decisionTree.py is not running
2023-07-06 13:06:48 python3.7 01_decisionTree.py is not running
2023-07-06 13:06:49 python3.7 01_decisionTree.py is not running
2023-07-06 13:06:50 python3.7 01_decisionTree.py is not running
2023-07-06 13:06:51 python3.7 01_decisionTree.py is not running
2023-07-06 13:06:52 python3.7 01_decisionTree.py is not running
2023-07-06 13:06:54 python3.7 01_decisionTree.py is not running
2023-07-06 13:06:55 python3.7 01_decisionTree.py is not running
2023-07-06 13:06:56 python3.7 01_decisionTree.py is not running
2023-07-06 13:06:57 python3.7 01_decisionTree.py is not running
2023-07-06 13:06:58 python3.7 01_decisionTree.py is not running
2023-07-06 13:06:59 python3.7 01_decisionTree.py is not running
2023-07-06 13:07:00 python3.7 01_decisionTree.py is not running
2023-07-06 13:07:01 python3.7 01_decisionTree.py is not running
2023-07-06 13:07:02 python3.7 01_decisionTree.py is not running
2023-07-06 13:07:03 python3.7 01_decisionTree.py is not running
2023-07-06 13:07:04 python3.7 01_decisionTree.py is not running
2023-07-06 13:07:05 python3.7 01_decisionTree.py is not running
2023-07-06 13:07:06 python3.7 01_decisionTree.py is not running
2023-07-06 13:07:07 python3.7 01_decisionTree.py is not running
2023-07-06 13:07:08 python3.7 01_decisionTree.py is not running
2023-07-06 13:07:09 python3.7 01_decisionTree.py is not running
2023-07-06 13:07:10 python3.7 01_decisionTree.py is not running
2023-07-06 13:07:11 python3.7 01_decisionTree.py is not running
2023-07-06 13:07:12 python3.7 01_decisionTree.py is not running
2023-07-06 13:07:14 python3.7 01_decisionTree.py is not running
2023-07-06 13:07:15 python3.7 01_decisionTree.py is not running
2023-07-06 13:07:16 python3.7 01_decisionTree.py is not running
2023-07-06 13:07:17 python3.7 01_decisionTree.py is not running
2023-07-06 13:07:18 python3.7 01_decisionTree.py is not running
2023-07-06 13:07:19 python3.7 01_decisionTree.py is not running
2023-07-06 13:07:20 python3.7 01_decisionTree.py is not running
2023-07-06 13:07:21 python3.7 01_decisionTree.py is not running
2023-07-06 13:07:22 python3.7 01_decisionTree.py is not running
2023-07-06 13:07:23 python3.7 01_decisionTree.py is not running
2023-07-06 13:07:24 python3.7 01_decisionTree.py is not running
2023-07-06 13:07:25 python3.7 01_decisionTree.py is not running
2023-07-06 13:07:26 python3.7 01_decisionTree.py is not running
2023-07-06 13:07:27 python3.7 01_decisionTree.py is not running
2023-07-06 13:07:28 python3.7 01_decisionTree.py is not running
2023-07-06 13:07:29 python3.7 01_decisionTree.py is not running
2023-07-06 13:07:30 python3.7 01_decisionTree.py is not running
2023-07-06 13:07:31 python3.7 01_decisionTree.py is not running
2023-07-06 13:07:33 python3.7 01_decisionTree.py is not running
2023-07-06 13:07:34 python3.7 01_decisionTree.py is not running
2023-07-06 13:07:35 python3.7 01_decisionTree.py is not running
2023-07-06 13:07:36 python3.7 01_decisionTree.py is not running
2023-07-06 13:07:37 python3.7 01_decisionTree.py is not running
2023-07-06 13:07:38 python3.7 01_decisionTree.py is not running
2023-07-06 13:07:39 python3.7 01_decisionTree.py is not running
2023-07-06 13:07:40 python3.7 01_decisionTree.py is not running
2023-07-06 13:07:41 python3.7 01_decisionTree.py is not running
2023-07-06 13:07:42 python3.7 01_decisionTree.py is not running
2023-07-06 13:07:43 python3.7 01_decisionTree.py is not running
2023-07-06 13:07:44 python3.7 01_decisionTree.py is not running
2023-07-06 13:07:45 python3.7 01_decisionTree.py is not running
2023-07-06 13:07:46 python3.7 01_decisionTree.py is not running
2023-07-06 13:07:47 python3.7 01_decisionTree.py is not running
2023-07-06 13:07:48 python3.7 01_decisionTree.py is not running
2023-07-06 13:07:49 python3.7 01_decisionTree.py is not running
2023-07-06 13:07:51 python3.7 01_decisionTree.py is not running
2023-07-06 13:07:52 python3.7 01_decisionTree.py is not running
2023-07-06 13:07:53 python3.7 01_decisionTree.py is not running
2023-07-06 13:07:54 python3.7 01_decisionTree.py is not running
2023-07-06 13:07:55 python3.7 01_decisionTree.py is not running
2023-07-06 13:07:56 python3.7 01_decisionTree.py is not running
2023-07-06 13:07:57 python3.7 01_decisionTree.py is not running
2023-07-06 13:07:58 python3.7 01_decisionTree.py is not running
2023-07-06 13:07:59 python3.7 01_decisionTree.py is not running
2023-07-06 13:08:00 python3.7 01_decisionTree.py is not running
2023-07-06 13:08:01 python3.7 01_decisionTree.py is not running
2023-07-06 13:08:02 python3.7 01_decisionTree.py is not running
2023-07-06 13:08:03 python3.7 01_decisionTree.py is not running
2023-07-06 13:08:04 python3.7 01_decisionTree.py is not running
2023-07-06 13:08:05 python3.7 01_decisionTree.py is not running
2023-07-06 13:08:06 python3.7 01_decisionTree.py is not running
2023-07-06 13:08:07 python3.7 01_decisionTree.py is not running
2023-07-06 13:08:08 python3.7 01_decisionTree.py is not running
2023-07-06 13:08:09 python3.7 01_decisionTree.py is not running
2023-07-06 13:08:11 python3.7 01_decisionTree.py is not running
2023-07-06 13:08:12 python3.7 01_decisionTree.py is not running
2023-07-06 13:08:13   57750    1961 70.0  0.7 python3.7 01_decisionTree.py
2023-07-06 13:08:14   57750    1961 71.5  1.4 python3.7 01_decisionTree.py
2023-07-06 13:08:15   57750    1961 73.0  2.1 python3.7 01_decisionTree.py
2023-07-06 13:08:16   57750    1961 75.0  2.8 python3.7 01_decisionTree.py
2023-07-06 13:08:17   57750    1961 63.0  4.0 python3.7 01_decisionTree.py
2023-07-06 13:08:18   57750    1961 55.0  5.3 python3.7 01_decisionTree.py
2023-07-06 13:08:19   57750    1961 49.1  6.5 python3.7 01_decisionTree.py
2023-07-06 13:08:20   57750    1961 45.0  7.7 python3.7 01_decisionTree.py
2023-07-06 13:08:21   57750    1961 37.4  9.0 python3.7 01_decisionTree.py
2023-07-06 13:08:22   57750    1961 35.2 10.2 python3.7 01_decisionTree.py
2023-07-06 13:08:23   57750    1961 33.5 11.4 python3.7 01_decisionTree.py
2023-07-06 13:08:25   57750    1961 32.0 12.7 python3.7 01_decisionTree.py
2023-07-06 13:08:26   57750    1961 31.3 14.0 python3.7 01_decisionTree.py
2023-07-06 13:08:27   57750    1961 30.2 15.2 python3.7 01_decisionTree.py
2023-07-06 13:08:28   57750    1961 34.0 28.0 python3.7 01_decisionTree.py
2023-07-06 13:08:29   57750    1961 38.2 28.3 python3.7 01_decisionTree.py
2023-07-06 13:08:30   57750    1961 42.1 34.5 python3.7 01_decisionTree.py
2023-07-06 13:08:31   57750    1961 42.0 36.6 python3.7 01_decisionTree.py
2023-07-06 13:08:32   57750    1961 44.0 41.5 python3.7 01_decisionTree.py
2023-07-06 13:08:33   57750    1961 46.9 29.4 python3.7 01_decisionTree.py
2023-07-06 13:08:34   57750    1961 49.5 30.4 python3.7 01_decisionTree.py
2023-07-06 13:08:36   57750    1961 51.9 31.5 python3.7 01_decisionTree.py
2023-07-06 13:08:37   57750    1961 54.1 32.6 python3.7 01_decisionTree.py
2023-07-06 13:08:38   57750    1961 56.1 33.7 python3.7 01_decisionTree.py
2023-07-06 13:08:39   57750    1961 58.1 34.8 python3.7 01_decisionTree.py
2023-07-06 13:08:40   57750    1961 60.0 15.6 python3.7 01_decisionTree.py
2023-07-06 13:08:41 python3.7 01_decisionTree.py is not running
2023-07-06 13:13:11 python3.7 01_decisionTree.py is not running
2023-07-06 13:13:12 python3.7 01_decisionTree.py is not running
2023-07-06 13:13:13 python3.7 01_decisionTree.py is not running
2023-07-06 13:13:14   59059    1961  0.0  0.3 python3.7 01_decisionTree.py
2023-07-06 13:13:15   59059    1961  116  1.2 python3.7 01_decisionTree.py
2023-07-06 13:13:16   59059    1961 96.0  1.9 python3.7 01_decisionTree.py
2023-07-06 13:13:17   59059    1961 90.6  2.5 python3.7 01_decisionTree.py
2023-07-06 13:13:18   59059    1961 59.6  3.6 python3.7 01_decisionTree.py
2023-07-06 13:13:19   59059    1961 52.3  4.8 python3.7 01_decisionTree.py
2023-07-06 13:13:20   59059    1961 46.8  6.0 python3.7 01_decisionTree.py
2023-07-06 13:13:21   59059    1961 43.3  7.3 python3.7 01_decisionTree.py
2023-07-06 13:13:23   59059    1961 40.1  8.5 python3.7 01_decisionTree.py
2023-07-06 13:13:24   59059    1961 37.5  9.8 python3.7 01_decisionTree.py
2023-07-06 13:13:25   59059    1961 35.3 11.0 python3.7 01_decisionTree.py
2023-07-06 13:13:26   59059    1961 33.5 12.2 python3.7 01_decisionTree.py
2023-07-06 13:13:27   59059    1961 32.4 13.5 python3.7 01_decisionTree.py
2023-07-06 13:13:28   59059    1961 33.7 20.4 python3.7 01_decisionTree.py
2023-07-06 13:13:29   59059    1961 38.6 20.5 python3.7 01_decisionTree.py
2023-07-06 13:13:30   59059    1961 42.8 31.4 python3.7 01_decisionTree.py
2023-07-06 13:13:31   59059    1961 46.6 37.0 python3.7 01_decisionTree.py
2023-07-06 13:13:32   59059    1961 48.2 41.5 python3.7 01_decisionTree.py
2023-07-06 13:13:33   59059    1961 51.1 29.3 python3.7 01_decisionTree.py
2023-07-06 13:13:35   59059    1961 53.8 30.4 python3.7 01_decisionTree.py
2023-07-06 13:13:36   59059    1961 56.1 31.5 python3.7 01_decisionTree.py
2023-07-06 13:13:37   59059    1961 58.3 32.5 python3.7 01_decisionTree.py
2023-07-06 13:13:38   59059    1961 60.4 33.6 python3.7 01_decisionTree.py
2023-07-06 13:13:39   59059    1961 62.2 34.7 python3.7 01_decisionTree.py
2023-07-06 13:13:40   59059    1961 63.9 16.1 python3.7 01_decisionTree.py
2023-07-06 13:13:41   59059    1961 61.6 15.6 python3.7 01_decisionTree.py
2023-07-06 13:13:42   59059    1961 59.4 15.6 python3.7 01_decisionTree.py
2023-07-06 13:13:43   59059    1961 57.3 15.6 python3.7 01_decisionTree.py
2023-07-06 13:13:44   59059    1961 55.4 15.6 python3.7 01_decisionTree.py
2023-07-06 13:13:45   59059    1961 53.6 15.6 python3.7 01_decisionTree.py
2023-07-06 13:13:46   59059    1961 50.4 15.6 python3.7 01_decisionTree.py
2023-07-06 13:13:47   59059    1961 48.9 15.6 python3.7 01_decisionTree.py
2023-07-06 13:13:48   59059    1961 47.5 15.6 python3.7 01_decisionTree.py
2023-07-06 13:13:50   59059    1961 46.2 15.6 python3.7 01_decisionTree.py
2023-07-06 13:13:51   59059    1961 45.2 16.3 python3.7 01_decisionTree.py
2023-07-06 13:13:52   59059    1961 45.5 23.0 python3.7 01_decisionTree.py
2023-07-06 13:13:53   59059    1961 46.4 34.0 python3.7 01_decisionTree.py
2023-07-06 13:13:54   59059    1961 47.9 19.8 python3.7 01_decisionTree.py
2023-07-06 13:13:55   59059    1961 49.3 31.3 python3.7 01_decisionTree.py
2023-07-06 13:13:56   59059    1961 50.7 37.1 python3.7 01_decisionTree.py
2023-07-06 13:13:57   59059    1961 52.4 41.6 python3.7 01_decisionTree.py
2023-07-06 13:13:58   59059    1961 52.4 29.5 python3.7 01_decisionTree.py
2023-07-06 13:13:59   59059    1961 53.6 30.6 python3.7 01_decisionTree.py
2023-07-06 13:14:00   59059    1961 54.7 31.7 python3.7 01_decisionTree.py
2023-07-06 13:14:01   59059    1961 55.8 32.8 python3.7 01_decisionTree.py
2023-07-06 13:14:02   59059    1961 56.8 33.9 python3.7 01_decisionTree.py
2023-07-06 13:14:04   59059    1961 57.8 34.9 python3.7 01_decisionTree.py
2023-07-06 13:14:05   59059    1961 58.7 15.7 python3.7 01_decisionTree.py
2023-07-06 13:14:06   59059    1961 57.6 15.7 python3.7 01_decisionTree.py
2023-07-06 13:14:07   59059    1961 56.5 15.7 python3.7 01_decisionTree.py
2023-07-06 13:14:08   59059    1961 55.4 15.7 python3.7 01_decisionTree.py
2023-07-06 13:14:09   59059    1961 54.4 15.7 python3.7 01_decisionTree.py
2023-07-06 13:14:10   59059    1961 53.5 15.7 python3.7 01_decisionTree.py
2023-07-06 13:14:11   59059    1961 52.5 15.7 python3.7 01_decisionTree.py
2023-07-06 13:14:12   59059    1961 51.6 15.7 python3.7 01_decisionTree.py
2023-07-06 13:14:13   59059    1961 50.7 15.7 python3.7 01_decisionTree.py
2023-07-06 13:14:14   59059    1961 49.1 15.7 python3.7 01_decisionTree.py
2023-07-06 13:14:15   59059    1961 48.6 17.8 python3.7 01_decisionTree.py
2023-07-06 13:14:16   59059    1961 49.0 26.7 python3.7 01_decisionTree.py
2023-07-06 13:14:17   59059    1961 49.9 28.5 python3.7 01_decisionTree.py
2023-07-06 13:14:19   59059    1961 50.8 28.8 python3.7 01_decisionTree.py
2023-07-06 13:14:20   59059    1961 51.6 34.2 python3.7 01_decisionTree.py
2023-07-06 13:14:21   59059    1961 52.4 39.8 python3.7 01_decisionTree.py
2023-07-06 13:14:22   59059    1961 53.2 41.7 python3.7 01_decisionTree.py
2023-07-06 13:14:23   59059    1961 54.0 29.8 python3.7 01_decisionTree.py
2023-07-06 13:14:24   59059    1961 54.8 30.9 python3.7 01_decisionTree.py
2023-07-06 13:14:25   59059    1961 55.5 32.0 python3.7 01_decisionTree.py
2023-07-06 13:14:26   59059    1961 56.2 33.1 python3.7 01_decisionTree.py
2023-07-06 13:14:27   59059    1961 56.9 34.1 python3.7 01_decisionTree.py
2023-07-06 13:14:28   59059    1961 57.5 35.2 python3.7 01_decisionTree.py
2023-07-06 13:14:29   59059    1961 57.8 15.7 python3.7 01_decisionTree.py
2023-07-06 13:14:30   59059    1961 56.2 15.7 python3.7 01_decisionTree.py
2023-07-06 13:14:31   59059    1961 55.5 15.7 python3.7 01_decisionTree.py
2023-07-06 13:14:32   59059    1961 54.8 15.7 python3.7 01_decisionTree.py
2023-07-06 13:14:33   59059    1961 54.1 15.7 python3.7 01_decisionTree.py
2023-07-06 13:14:35   59059    1961 53.5 15.7 python3.7 01_decisionTree.py
2023-07-06 13:14:36   59059    1961 52.8 15.7 python3.7 01_decisionTree.py
2023-07-06 13:14:37   59059    1961 52.2 15.7 python3.7 01_decisionTree.py
2023-07-06 13:14:38   59059    1961 51.6 15.7 python3.7 01_decisionTree.py
2023-07-06 13:14:39   59059    1961 51.0 15.7 python3.7 01_decisionTree.py
2023-07-06 13:14:40   59059    1961 50.9 20.3 python3.7 01_decisionTree.py
2023-07-06 13:14:41   59059    1961 51.5 35.1 python3.7 01_decisionTree.py
2023-07-06 13:14:42   59059    1961 52.2 21.2 python3.7 01_decisionTree.py
2023-07-06 13:14:43   59059    1961 52.8 32.0 python3.7 01_decisionTree.py
2023-07-06 13:14:44   59059    1961 53.4 38.2 python3.7 01_decisionTree.py
2023-07-06 13:14:45   59059    1961 53.5 41.7 python3.7 01_decisionTree.py
2023-07-06 13:14:46   59059    1961 54.1 29.7 python3.7 01_decisionTree.py
2023-07-06 13:14:48   59059    1961 54.6 30.8 python3.7 01_decisionTree.py
2023-07-06 13:14:49   59059    1961 55.2 31.8 python3.7 01_decisionTree.py
2023-07-06 13:14:50   59059    1961 55.7 32.9 python3.7 01_decisionTree.py
2023-07-06 13:14:51   59059    1961 56.2 34.0 python3.7 01_decisionTree.py
2023-07-06 13:14:52   59059    1961 56.7 35.1 python3.7 01_decisionTree.py
2023-07-06 13:14:53   59059    1961 57.1 15.8 python3.7 01_decisionTree.py
2023-07-06 13:14:54   59059    1961 56.5 15.8 python3.7 01_decisionTree.py
2023-07-06 13:14:55   59059    1961 56.0 15.8 python3.7 01_decisionTree.py
2023-07-06 13:14:56   59059    1961 55.4 15.8 python3.7 01_decisionTree.py
2023-07-06 13:14:57   59059    1961 54.9 15.8 python3.7 01_decisionTree.py
2023-07-06 13:14:58   59059    1961 54.3 15.8 python3.7 01_decisionTree.py
2023-07-06 13:14:59   59059    1961 53.8 15.8 python3.7 01_decisionTree.py
2023-07-06 13:15:00   59059    1961 52.8 15.8 python3.7 01_decisionTree.py
2023-07-06 13:15:01   59059    1961 52.3 15.8 python3.7 01_decisionTree.py
2023-07-06 13:15:02   59059    1961 51.8 15.8 python3.7 01_decisionTree.py
2023-07-06 13:15:04   59059    1961 51.8 20.4 python3.7 01_decisionTree.py
2023-07-06 13:15:05   59059    1961 52.3 34.8 python3.7 01_decisionTree.py
2023-07-06 13:15:06   59059    1961 52.7 20.5 python3.7 01_decisionTree.py
2023-07-06 13:15:07   59059    1961 53.2 31.6 python3.7 01_decisionTree.py
2023-07-06 13:15:08   59059    1961 53.7 37.8 python3.7 01_decisionTree.py
2023-07-06 13:15:09   59059    1961 54.3 41.7 python3.7 01_decisionTree.py
2023-07-06 13:15:10   59059    1961 54.7 29.7 python3.7 01_decisionTree.py
2023-07-06 13:15:11   59059    1961 55.2 30.7 python3.7 01_decisionTree.py
2023-07-06 13:15:12   59059    1961 55.1 31.8 python3.7 01_decisionTree.py
2023-07-06 13:15:13   59059    1961 55.6 32.9 python3.7 01_decisionTree.py
2023-07-06 13:15:14   59059    1961 56.0 34.0 python3.7 01_decisionTree.py
2023-07-06 13:15:15   59059    1961 56.4 35.1 python3.7 01_decisionTree.py
2023-07-06 13:15:16   59059    1961 56.7 15.8 python3.7 01_decisionTree.py
2023-07-06 13:15:18   59059    1961 56.2 15.8 python3.7 01_decisionTree.py
2023-07-06 13:15:19   59059    1961 55.8 15.8 python3.7 01_decisionTree.py
2023-07-06 13:15:20   59059    1961 55.4 15.8 python3.7 01_decisionTree.py
2023-07-06 13:15:21   59059    1961 54.9 15.8 python3.7 01_decisionTree.py
2023-07-06 13:15:22   59059    1961 54.5 15.8 python3.7 01_decisionTree.py
2023-07-06 13:15:23   59059    1961 54.1 15.8 python3.7 01_decisionTree.py
2023-07-06 13:15:24   59059    1961 53.7 15.8 python3.7 01_decisionTree.py
2023-07-06 13:15:25   59059    1961 53.2 15.8 python3.7 01_decisionTree.py
2023-07-06 13:15:26   59059    1961 52.4 15.8 python3.7 01_decisionTree.py
2023-07-06 13:15:27   59059    1961 52.5 23.4 python3.7 01_decisionTree.py
2023-07-06 13:15:28   59059    1961 52.9 38.9 python3.7 01_decisionTree.py
2023-07-06 13:15:29   59059    1961 53.3 24.6 python3.7 01_decisionTree.py
2023-07-06 13:15:31   59059    1961 53.7 33.0 python3.7 01_decisionTree.py
2023-07-06 13:15:32   59059    1961 54.1 39.0 python3.7 01_decisionTree.py
2023-07-06 13:15:33   59059    1961 54.5 41.7 python3.7 01_decisionTree.py
2023-07-06 13:15:34   59059    1961 54.9 29.8 python3.7 01_decisionTree.py
2023-07-06 13:15:35   59059    1961 55.2 30.8 python3.7 01_decisionTree.py
2023-07-06 13:15:36   59059    1961 55.6 31.9 python3.7 01_decisionTree.py
2023-07-06 13:15:37   59059    1961 55.9 33.0 python3.7 01_decisionTree.py
2023-07-06 13:15:38   59059    1961 56.3 34.1 python3.7 01_decisionTree.py
2023-07-06 13:15:39   59059    1961 56.6 35.2 python3.7 01_decisionTree.py
2023-07-06 13:15:40   59059    1961 56.8 15.8 python3.7 01_decisionTree.py
2023-07-06 13:15:41   59059    1961 56.4 15.8 python3.7 01_decisionTree.py
2023-07-06 13:15:42   59059    1961 55.7 15.8 python3.7 01_decisionTree.py
2023-07-06 13:15:43   59059    1961 55.3 15.8 python3.7 01_decisionTree.py
2023-07-06 13:15:44   59059    1961 54.9 15.8 python3.7 01_decisionTree.py
2023-07-06 13:15:46   59059    1961 54.6 15.8 python3.7 01_decisionTree.py
2023-07-06 13:15:47   59059    1961 54.2 15.8 python3.7 01_decisionTree.py
2023-07-06 13:15:48   59059    1961 53.9 15.8 python3.7 01_decisionTree.py
2023-07-06 13:15:49   59059    1961 53.5 15.8 python3.7 01_decisionTree.py
2023-07-06 13:15:50   59059    1961 53.2 15.8 python3.7 01_decisionTree.py
2023-07-06 13:15:51   59059    1961 53.3 23.8 python3.7 01_decisionTree.py
2023-07-06 13:15:52   59059    1961 53.6 39.6 python3.7 01_decisionTree.py
2023-07-06 13:15:53   59059    1961 54.0 25.9 python3.7 01_decisionTree.py
2023-07-06 13:15:54   59059    1961 54.3 33.4 python3.7 01_decisionTree.py
2023-07-06 13:15:55   59059    1961 54.6 39.3 python3.7 01_decisionTree.py
2023-07-06 13:15:56   59059    1961 54.6 41.7 python3.7 01_decisionTree.py
2023-07-06 13:15:57   59059    1961 54.9 29.9 python3.7 01_decisionTree.py
2023-07-06 13:15:58   59059    1961 55.2 30.9 python3.7 01_decisionTree.py
2023-07-06 13:15:59   59059    1961 55.5 32.0 python3.7 01_decisionTree.py
2023-07-06 13:16:01   59059    1961 55.8 33.1 python3.7 01_decisionTree.py
2023-07-06 13:16:02   59059    1961 56.1 34.2 python3.7 01_decisionTree.py
2023-07-06 13:16:03   59059    1961 56.4 35.3 python3.7 01_decisionTree.py
2023-07-06 13:16:04   59059    1961 56.6 15.8 python3.7 01_decisionTree.py
2023-07-06 13:16:05   59059    1961 56.2 15.8 python3.7 01_decisionTree.py
2023-07-06 13:16:06   59059    1961 55.9 15.8 python3.7 01_decisionTree.py
2023-07-06 13:16:07   59059    1961 55.6 15.8 python3.7 01_decisionTree.py
2023-07-06 13:16:08   59059    1961 55.3 15.8 python3.7 01_decisionTree.py
2023-07-06 13:16:09   59059    1961 55.0 15.8 python3.7 01_decisionTree.py
2023-07-06 13:16:10   59059    1961 54.6 15.8 python3.7 01_decisionTree.py
2023-07-06 13:16:11   59059    1961 54.3 15.8 python3.7 01_decisionTree.py
2023-07-06 13:16:12   59059    1961 53.7 15.8 python3.7 01_decisionTree.py
2023-07-06 13:16:13   59059    1961 53.4 15.8 python3.7 01_decisionTree.py
2023-07-06 13:16:14   59059    1961 53.5 23.5 python3.7 01_decisionTree.py
2023-07-06 13:16:15   59059    1961 53.8 39.1 python3.7 01_decisionTree.py
2023-07-06 13:16:17   59059    1961 54.1 24.8 python3.7 01_decisionTree.py
2023-07-06 13:16:18   59059    1961 54.4 33.4 python3.7 01_decisionTree.py
2023-07-06 13:16:19   59059    1961 54.6 39.5 python3.7 01_decisionTree.py
2023-07-06 13:16:20   59059    1961 54.9 41.8 python3.7 01_decisionTree.py
2023-07-06 13:16:21   59059    1961 55.2 29.9 python3.7 01_decisionTree.py
2023-07-06 13:16:22   59059    1961 55.5 31.0 python3.7 01_decisionTree.py
2023-07-06 13:16:23   59059    1961 55.7 32.1 python3.7 01_decisionTree.py
2023-07-06 13:16:24   59059    1961 56.0 33.1 python3.7 01_decisionTree.py
2023-07-06 13:16:25   59059    1961 56.3 34.2 python3.7 01_decisionTree.py
2023-07-06 13:16:26   59059    1961 56.5 35.3 python3.7 01_decisionTree.py
2023-07-06 13:16:27   59059    1961 56.6 15.8 python3.7 01_decisionTree.py
2023-07-06 13:16:28   59059    1961 56.1 15.8 python3.7 01_decisionTree.py
2023-07-06 13:16:29   59059    1961 55.8 15.8 python3.7 01_decisionTree.py
2023-07-06 13:16:30   59059    1961 55.5 15.8 python3.7 01_decisionTree.py
2023-07-06 13:16:31   59059    1961 55.2 15.8 python3.7 01_decisionTree.py
2023-07-06 13:16:33   59059    1961 54.9 15.8 python3.7 01_decisionTree.py
2023-07-06 13:16:34   59059    1961 54.7 15.8 python3.7 01_decisionTree.py
2023-07-06 13:16:35   59059    1961 54.4 15.8 python3.7 01_decisionTree.py
2023-07-06 13:16:36   59059    1961 54.1 15.8 python3.7 01_decisionTree.py
2023-07-06 13:16:37   59059    1961 53.8 15.8 python3.7 01_decisionTree.py
2023-07-06 13:16:38   59059    1961 54.0 25.9 python3.7 01_decisionTree.py
2023-07-06 13:16:39   59059    1961 54.2 37.3 python3.7 01_decisionTree.py
2023-07-06 13:16:40   59059    1961 54.5 28.1 python3.7 01_decisionTree.py
2023-07-06 13:16:41   59059    1961 54.8 34.8 python3.7 01_decisionTree.py
2023-07-06 13:16:42   59059    1961 55.0 41.0 python3.7 01_decisionTree.py
2023-07-06 13:16:43   59059    1961 55.0 29.1 python3.7 01_decisionTree.py
2023-07-06 13:16:44   59059    1961 55.2 30.2 python3.7 01_decisionTree.py
2023-07-06 13:16:45   59059    1961 55.5 31.2 python3.7 01_decisionTree.py
2023-07-06 13:16:46   59059    1961 55.7 32.3 python3.7 01_decisionTree.py
2023-07-06 13:16:48   59059    1961 55.9 33.4 python3.7 01_decisionTree.py
2023-07-06 13:16:49   59059    1961 56.2 34.5 python3.7 01_decisionTree.py
2023-07-06 13:16:50   59059    1961 56.4 35.3 python3.7 01_decisionTree.py
2023-07-06 13:16:51   59059    1961 56.4 15.8 python3.7 01_decisionTree.py
2023-07-06 13:16:52   59059    1961 56.1 15.8 python3.7 01_decisionTree.py
2023-07-06 13:16:53   59059    1961 55.9 15.8 python3.7 01_decisionTree.py
2023-07-06 13:16:54   59059    1961 55.6 15.8 python3.7 01_decisionTree.py
2023-07-06 13:16:55   59059    1961 55.4 15.8 python3.7 01_decisionTree.py
2023-07-06 13:16:56   59059    1961 55.1 15.8 python3.7 01_decisionTree.py
2023-07-06 13:16:57   59059    1961 54.9 15.8 python3.7 01_decisionTree.py
2023-07-06 13:16:58   59059    1961 54.4 15.8 python3.7 01_decisionTree.py
2023-07-06 13:16:59   59059    1961 54.1 15.8 python3.7 01_decisionTree.py
2023-07-06 13:17:00   59059    1961 54.0 18.6 python3.7 01_decisionTree.py
2023-07-06 13:17:02   59059    1961 54.1 30.1 python3.7 01_decisionTree.py
2023-07-06 13:17:03   59059    1961 54.4 16.0 python3.7 01_decisionTree.py
2023-07-06 13:17:04   59059    1961 54.6 30.0 python3.7 01_decisionTree.py
2023-07-06 13:17:05   59059    1961 54.8 35.7 python3.7 01_decisionTree.py
2023-07-06 13:17:06   59059    1961 55.0 41.3 python3.7 01_decisionTree.py
2023-07-06 13:17:07   59059    1961 55.3 29.1 python3.7 01_decisionTree.py
2023-07-06 13:17:08   59059    1961 55.5 30.2 python3.7 01_decisionTree.py
2023-07-06 13:17:09   59059    1961 55.7 31.3 python3.7 01_decisionTree.py
2023-07-06 13:17:10   59059    1961 55.9 32.3 python3.7 01_decisionTree.py
2023-07-06 13:17:11   59059    1961 56.1 33.4 python3.7 01_decisionTree.py
2023-07-06 13:17:12   59059    1961 56.3 34.5 python3.7 01_decisionTree.py
2023-07-06 13:17:13   59059    1961 56.6 35.3 python3.7 01_decisionTree.py
2023-07-06 13:17:14   59059    1961 56.3 15.8 python3.7 01_decisionTree.py
2023-07-06 13:17:15   59059    1961 56.0 15.8 python3.7 01_decisionTree.py
2023-07-06 13:17:16   59059    1961 55.8 15.8 python3.7 01_decisionTree.py
2023-07-06 13:17:17   59059    1961 55.6 15.8 python3.7 01_decisionTree.py
2023-07-06 13:17:19   59059    1961 55.4 15.8 python3.7 01_decisionTree.py
2023-07-06 13:17:20   59059    1961 55.1 15.8 python3.7 01_decisionTree.py
2023-07-06 13:17:21   59059    1961 54.9 15.8 python3.7 01_decisionTree.py
2023-07-06 13:17:22   59059    1961 54.7 15.8 python3.7 01_decisionTree.py
2023-07-06 13:17:23   59059    1961 54.5 15.8 python3.7 01_decisionTree.py
2023-07-06 13:17:24   59059    1961 54.3 17.5 python3.7 01_decisionTree.py
2023-07-06 13:17:25   59059    1961 54.5 28.9 python3.7 01_decisionTree.py
2023-07-06 13:17:26   59059    1961 54.7 15.8 python3.7 01_decisionTree.py
2023-07-06 13:17:27   59059    1961 54.9 29.7 python3.7 01_decisionTree.py
2023-07-06 13:17:28   59059    1961 55.1 35.3 python3.7 01_decisionTree.py
2023-07-06 13:17:29   59059    1961 55.1 40.8 python3.7 01_decisionTree.py
2023-07-06 13:17:30   59059    1961 55.3 29.1 python3.7 01_decisionTree.py
2023-07-06 13:17:31   59059    1961 55.5 30.1 python3.7 01_decisionTree.py
2023-07-06 13:17:32   59059    1961 55.7 31.2 python3.7 01_decisionTree.py
2023-07-06 13:17:34   59059    1961 55.9 32.3 python3.7 01_decisionTree.py
2023-07-06 13:17:35   59059    1961 56.0 33.4 python3.7 01_decisionTree.py
2023-07-06 13:17:36   59059    1961 56.2 34.5 python3.7 01_decisionTree.py
2023-07-06 13:17:37   59059    1961 56.4 35.5 python3.7 01_decisionTree.py
2023-07-06 13:17:38   59059    1961 56.4 15.8 python3.7 01_decisionTree.py
2023-07-06 13:17:39   59059    1961 56.2 15.8 python3.7 01_decisionTree.py
2023-07-06 13:17:40   59059    1961 56.0 15.8 python3.7 01_decisionTree.py
2023-07-06 13:17:41   59059    1961 55.8 15.8 python3.7 01_decisionTree.py
2023-07-06 13:17:42   59059    1961 55.6 15.8 python3.7 01_decisionTree.py
2023-07-06 13:17:43   59059    1961 55.4 15.8 python3.7 01_decisionTree.py
2023-07-06 13:17:44   59059    1961 55.2 15.8 python3.7 01_decisionTree.py
2023-07-06 13:17:45   59059    1961 54.8 15.8 python3.7 01_decisionTree.py
2023-07-06 13:17:46   59059    1961 54.6 15.8 python3.7 01_decisionTree.py
2023-07-06 13:17:47   59059    1961 54.4 17.2 python3.7 01_decisionTree.py
2023-07-06 13:17:48   59059    1961 54.5 28.5 python3.7 01_decisionTree.py
2023-07-06 13:17:50   59059    1961 54.7 15.8 python3.7 01_decisionTree.py
2023-07-06 13:17:51   59059    1961 54.9 29.4 python3.7 01_decisionTree.py
2023-07-06 13:17:52   59059    1961 55.1 35.7 python3.7 01_decisionTree.py
2023-07-06 13:17:53   59059    1961 55.3 41.8 python3.7 01_decisionTree.py
2023-07-06 13:17:54   59059    1961 55.5 29.4 python3.7 01_decisionTree.py
2023-07-06 13:17:55   59059    1961 55.7 30.4 python3.7 01_decisionTree.py
2023-07-06 13:17:56   59059    1961 55.9 31.5 python3.7 01_decisionTree.py
2023-07-06 13:17:57   59059    1961 56.0 32.6 python3.7 01_decisionTree.py
2023-07-06 13:17:58   59059    1961 56.2 33.7 python3.7 01_decisionTree.py
2023-07-06 13:17:59   59059    1961 56.4 34.8 python3.7 01_decisionTree.py
2023-07-06 13:18:00   59059    1961 56.4 30.3 python3.7 01_decisionTree.py
2023-07-06 13:18:01   59059    1961 56.3 15.8 python3.7 01_decisionTree.py
2023-07-06 13:18:02   59059    1961 56.1 15.8 python3.7 01_decisionTree.py
2023-07-06 13:18:03   59059    1961 55.9 15.8 python3.7 01_decisionTree.py
2023-07-06 13:18:05   59059    1961 55.7 15.8 python3.7 01_decisionTree.py
2023-07-06 13:18:06   59059    1961 55.5 15.8 python3.7 01_decisionTree.py
2023-07-06 13:18:07   59059    1961 55.3 15.8 python3.7 01_decisionTree.py
2023-07-06 13:18:08   59059    1961 55.1 15.8 python3.7 01_decisionTree.py
2023-07-06 13:18:09   59059    1961 54.9 15.8 python3.7 01_decisionTree.py
2023-07-06 13:18:10   59059    1961 54.7 15.8 python3.7 01_decisionTree.py
2023-07-06 13:18:11   59059    1961 54.7 20.8 python3.7 01_decisionTree.py
2023-07-06 13:18:12   59059    1961 54.8 32.8 python3.7 01_decisionTree.py
2023-07-06 13:18:13   59059    1961 55.0 18.9 python3.7 01_decisionTree.py
2023-07-06 13:18:14   59059    1961 55.0 31.2 python3.7 01_decisionTree.py
2023-07-06 13:18:15   59059    1961 55.1 37.2 python3.7 01_decisionTree.py
2023-07-06 13:18:16   59059    1961 55.4 41.8 python3.7 01_decisionTree.py
2023-07-06 13:18:18   59059    1961 55.5 29.6 python3.7 01_decisionTree.py
2023-07-06 13:18:19   59059    1961 55.7 30.7 python3.7 01_decisionTree.py
2023-07-06 13:18:20   59059    1961 55.9 31.8 python3.7 01_decisionTree.py
2023-07-06 13:18:21   59059    1961 56.0 32.9 python3.7 01_decisionTree.py
2023-07-06 13:18:22   59059    1961 56.2 33.9 python3.7 01_decisionTree.py
2023-07-06 13:18:23   59059    1961 56.4 35.0 python3.7 01_decisionTree.py
2023-07-06 13:18:24   59059    1961 56.5 15.8 python3.7 01_decisionTree.py
2023-07-06 13:18:25   59059    1961 56.3 15.8 python3.7 01_decisionTree.py
2023-07-06 13:18:26   59059    1961 56.1 15.8 python3.7 01_decisionTree.py
2023-07-06 13:18:27   59059    1961 56.0 15.8 python3.7 01_decisionTree.py
2023-07-06 13:18:28   59059    1961 55.8 15.8 python3.7 01_decisionTree.py
2023-07-06 13:18:29   59059    1961 55.4 15.8 python3.7 01_decisionTree.py
2023-07-06 13:18:30   59059    1961 55.3 15.8 python3.7 01_decisionTree.py
2023-07-06 13:18:31   59059    1961 55.1 15.8 python3.7 01_decisionTree.py
2023-07-06 13:18:33   59059    1961 54.9 15.8 python3.7 01_decisionTree.py
2023-07-06 13:18:34   59059    1961 54.7 15.8 python3.7 01_decisionTree.py
2023-07-06 13:18:35   59059    1961 54.8 23.0 python3.7 01_decisionTree.py
2023-07-06 13:18:36   59059    1961 54.9 38.6 python3.7 01_decisionTree.py
2023-07-06 13:18:37   59059    1961 55.1 24.5 python3.7 01_decisionTree.py
2023-07-06 13:18:38   59059    1961 55.2 33.0 python3.7 01_decisionTree.py
2023-07-06 13:18:39   59059    1961 55.4 38.6 python3.7 01_decisionTree.py
2023-07-06 13:18:40   59059    1961 55.6 41.8 python3.7 01_decisionTree.py
2023-07-06 13:18:41   59059    1961 55.7 29.8 python3.7 01_decisionTree.py
2023-07-06 13:18:42   59059    1961 55.7 30.8 python3.7 01_decisionTree.py
2023-07-06 13:18:43   59059    1961 55.9 31.9 python3.7 01_decisionTree.py
2023-07-06 13:18:44   59059    1961 56.0 33.0 python3.7 01_decisionTree.py
2023-07-06 13:18:45   59059    1961 56.2 34.1 python3.7 01_decisionTree.py
2023-07-06 13:18:47   59059    1961 56.3 35.1 python3.7 01_decisionTree.py
2023-07-06 13:18:48   59059    1961 56.4 15.8 python3.7 01_decisionTree.py
2023-07-06 13:18:49   59059    1961 56.3 15.8 python3.7 01_decisionTree.py
2023-07-06 13:18:50   59059    1961 56.1 15.8 python3.7 01_decisionTree.py
2023-07-06 13:18:51   59059    1961 55.9 15.8 python3.7 01_decisionTree.py
2023-07-06 13:18:52   59059    1961 55.8 15.8 python3.7 01_decisionTree.py
2023-07-06 13:18:53   59059    1961 55.6 15.8 python3.7 01_decisionTree.py
2023-07-06 13:18:54   59059    1961 55.4 15.8 python3.7 01_decisionTree.py
2023-07-06 13:18:55   59059    1961 55.3 15.8 python3.7 01_decisionTree.py
2023-07-06 13:18:56   59059    1961 55.1 15.8 python3.7 01_decisionTree.py
2023-07-06 13:18:57   59059    1961 55.0 15.8 python3.7 01_decisionTree.py
2023-07-06 13:18:58   59059    1961 54.8 22.7 python3.7 01_decisionTree.py
2023-07-06 13:18:59   59059    1961 55.0 37.8 python3.7 01_decisionTree.py
2023-07-06 13:19:00   59059    1961 55.1 24.0 python3.7 01_decisionTree.py
2023-07-06 13:19:02   59059    1961 55.3 33.1 python3.7 01_decisionTree.py
2023-07-06 13:19:03   59059    1961 55.4 39.1 python3.7 01_decisionTree.py
2023-07-06 13:19:04   59059    1961 55.6 41.8 python3.7 01_decisionTree.py
2023-07-06 13:19:05   59059    1961 55.7 29.9 python3.7 01_decisionTree.py
2023-07-06 13:19:06   59059    1961 55.9 30.9 python3.7 01_decisionTree.py
2023-07-06 13:19:07   59059    1961 56.0 32.0 python3.7 01_decisionTree.py
2023-07-06 13:19:08   59059    1961 56.1 33.1 python3.7 01_decisionTree.py
2023-07-06 13:19:09   59059    1961 56.3 34.2 python3.7 01_decisionTree.py
2023-07-06 13:19:10   59059    1961 56.4 35.2 python3.7 01_decisionTree.py
2023-07-06 13:19:11   59059    1961 56.5 15.8 python3.7 01_decisionTree.py
2023-07-06 13:19:12   59059    1961 56.3 15.8 python3.7 01_decisionTree.py
2023-07-06 13:19:13   59059    1961 56.2 15.8 python3.7 01_decisionTree.py
2023-07-06 13:19:14   59059    1961 55.9 15.8 python3.7 01_decisionTree.py
2023-07-06 13:19:15   59059    1961 55.7 15.8 python3.7 01_decisionTree.py
2023-07-06 13:19:16   59059    1961 55.6 15.8 python3.7 01_decisionTree.py
2023-07-06 13:19:17   59059    1961 55.4 15.8 python3.7 01_decisionTree.py
2023-07-06 13:19:19   59059    1961 55.3 15.8 python3.7 01_decisionTree.py
2023-07-06 13:19:20   59059    1961 55.1 15.8 python3.7 01_decisionTree.py
2023-07-06 13:19:21   59059    1961 55.0 15.8 python3.7 01_decisionTree.py
2023-07-06 13:19:22   59059    1961 55.0 27.0 python3.7 01_decisionTree.py
2023-07-06 13:19:23   59059    1961 55.2 27.0 python3.7 01_decisionTree.py
2023-07-06 13:19:24   59059    1961 55.3 29.0 python3.7 01_decisionTree.py
2023-07-06 13:19:25   59059    1961 55.5 34.6 python3.7 01_decisionTree.py
2023-07-06 13:19:26   59059    1961 55.6 40.1 python3.7 01_decisionTree.py
2023-07-06 13:19:27   59059    1961 55.7 33.8 python3.7 01_decisionTree.py
2023-07-06 13:19:28   59059    1961 55.7 30.0 python3.7 01_decisionTree.py
2023-07-06 13:19:29   59059    1961 55.9 31.1 python3.7 01_decisionTree.py
2023-07-06 13:19:30   59059    1961 56.0 32.1 python3.7 01_decisionTree.py
2023-07-06 13:19:31   59059    1961 56.1 33.2 python3.7 01_decisionTree.py
2023-07-06 13:19:33   59059    1961 56.3 34.3 python3.7 01_decisionTree.py
2023-07-06 13:19:34   59059    1961 56.4 35.4 python3.7 01_decisionTree.py
2023-07-06 13:19:35   59059    1961 56.4 15.9 python3.7 01_decisionTree.py
2023-07-06 13:19:36   59059    1961 56.3 15.9 python3.7 01_decisionTree.py
2023-07-06 13:19:37   59059    1961 56.1 15.9 python3.7 01_decisionTree.py
2023-07-06 13:19:38   59059    1961 56.0 15.9 python3.7 01_decisionTree.py
2023-07-06 13:19:39   59059    1961 55.8 15.9 python3.7 01_decisionTree.py
2023-07-06 13:19:40   59059    1961 55.7 15.9 python3.7 01_decisionTree.py
2023-07-06 13:19:41   59059    1961 55.6 15.9 python3.7 01_decisionTree.py
2023-07-06 13:19:42   59059    1961 55.4 15.9 python3.7 01_decisionTree.py
2023-07-06 13:19:43   59059    1961 55.1 15.9 python3.7 01_decisionTree.py
2023-07-06 13:19:44   59059    1961 55.0 15.9 python3.7 01_decisionTree.py
2023-07-06 13:19:45   59059    1961 55.1 28.5 python3.7 01_decisionTree.py
2023-07-06 13:19:46   59059    1961 55.2 15.9 python3.7 01_decisionTree.py
2023-07-06 13:19:48   59059    1961 55.4 29.3 python3.7 01_decisionTree.py
2023-07-06 13:19:49   59059    1961 55.5 35.5 python3.7 01_decisionTree.py
2023-07-06 13:19:50   59059    1961 55.6 41.7 python3.7 01_decisionTree.py
2023-07-06 13:19:51   59059    1961 55.7 29.2 python3.7 01_decisionTree.py
2023-07-06 13:19:52   59059    1961 55.9 30.3 python3.7 01_decisionTree.py
2023-07-06 13:19:53   59059    1961 56.0 31.4 python3.7 01_decisionTree.py
2023-07-06 13:19:54   59059    1961 56.1 32.5 python3.7 01_decisionTree.py
2023-07-06 13:19:55   59059    1961 56.2 33.5 python3.7 01_decisionTree.py
2023-07-06 13:19:56   59059    1961 56.4 34.6 python3.7 01_decisionTree.py
2023-07-06 13:19:57   59059    1961 56.5 35.3 python3.7 01_decisionTree.py
2023-07-06 13:19:58   59059    1961 56.4 15.9 python3.7 01_decisionTree.py
2023-07-06 13:19:59   59059    1961 56.3 15.9 python3.7 01_decisionTree.py
2023-07-06 13:20:00   59059    1961 56.0 15.9 python3.7 01_decisionTree.py
2023-07-06 13:20:01   59059    1961 55.9 15.9 python3.7 01_decisionTree.py
2023-07-06 13:20:02   59059    1961 55.8 15.9 python3.7 01_decisionTree.py
2023-07-06 13:20:04   59059    1961 55.6 15.9 python3.7 01_decisionTree.py
2023-07-06 13:20:05   59059    1961 55.5 15.9 python3.7 01_decisionTree.py
2023-07-06 13:20:06   59059    1961 55.4 15.9 python3.7 01_decisionTree.py
2023-07-06 13:20:07   59059    1961 55.2 15.9 python3.7 01_decisionTree.py
2023-07-06 13:20:08   59059    1961 55.2 18.9 python3.7 01_decisionTree.py
2023-07-06 13:20:09   59059    1961 55.3 32.0 python3.7 01_decisionTree.py
2023-07-06 13:20:10   59059    1961 55.4 18.1 python3.7 01_decisionTree.py
2023-07-06 13:20:11   59059    1961 55.5 31.0 python3.7 01_decisionTree.py
2023-07-06 13:20:12   59059    1961 55.6 37.4 python3.7 01_decisionTree.py
2023-07-06 13:20:13   59059    1961 55.7 41.8 python3.7 01_decisionTree.py
2023-07-06 13:20:14   59059    1961 55.8 29.7 python3.7 01_decisionTree.py
2023-07-06 13:20:15   59059    1961 55.9 30.7 python3.7 01_decisionTree.py
2023-07-06 13:20:17   59059    1961 56.0 31.8 python3.7 01_decisionTree.py
2023-07-06 13:20:18   59059    1961 56.1 32.9 python3.7 01_decisionTree.py
2023-07-06 13:20:19   59059    1961 56.2 34.0 python3.7 01_decisionTree.py
2023-07-06 13:20:20   59059    1961 56.4 35.1 python3.7 01_decisionTree.py
2023-07-06 13:20:21   59059    1961 56.5 15.9 python3.7 01_decisionTree.py
2023-07-06 13:20:22   59059    1961 56.3 15.9 python3.7 01_decisionTree.py
2023-07-06 13:20:23   59059    1961 56.2 15.9 python3.7 01_decisionTree.py
2023-07-06 13:20:24   59059    1961 56.1 15.9 python3.7 01_decisionTree.py
2023-07-06 13:20:25   59059    1961 55.9 15.9 python3.7 01_decisionTree.py
2023-07-06 13:20:26   59059    1961 55.8 15.9 python3.7 01_decisionTree.py
2023-07-06 13:20:27   59059    1961 55.7 15.9 python3.7 01_decisionTree.py
2023-07-06 13:20:28   59059    1961 55.6 15.9 python3.7 01_decisionTree.py
2023-07-06 13:20:29   59059    1961 55.3 15.9 python3.7 01_decisionTree.py
2023-07-06 13:20:30   59059    1961 55.2 15.9 python3.7 01_decisionTree.py
2023-07-06 13:20:31   59059    1961 55.2 23.5 python3.7 01_decisionTree.py
2023-07-06 13:20:32   59059    1961 55.3 39.4 python3.7 01_decisionTree.py
2023-07-06 13:20:34   59059    1961 55.4 25.2 python3.7 01_decisionTree.py
2023-07-06 13:20:35   59059    1961 55.5 33.2 python3.7 01_decisionTree.py
2023-07-06 13:20:36   59059    1961 55.7 38.8 python3.7 01_decisionTree.py
2023-07-06 13:20:37   59059    1961 55.8 41.8 python3.7 01_decisionTree.py
2023-07-06 13:20:38   59059    1961 55.9 29.8 python3.7 01_decisionTree.py
2023-07-06 13:20:39   59059    1961 56.0 30.9 python3.7 01_decisionTree.py
2023-07-06 13:20:40   59059    1961 56.1 31.9 python3.7 01_decisionTree.py
2023-07-06 13:20:41   59059    1961 56.2 33.0 python3.7 01_decisionTree.py
2023-07-06 13:20:42   59059    1961 56.3 34.1 python3.7 01_decisionTree.py
2023-07-06 13:20:43   59059    1961 56.5 35.2 python3.7 01_decisionTree.py
2023-07-06 13:20:44   59059    1961 56.4 15.9 python3.7 01_decisionTree.py
2023-07-06 13:20:45   59059    1961 56.3 15.9 python3.7 01_decisionTree.py
2023-07-06 13:20:46   59059    1961 56.2 15.9 python3.7 01_decisionTree.py
2023-07-06 13:20:47   59059    1961 56.0 15.9 python3.7 01_decisionTree.py
2023-07-06 13:20:48   59059    1961 55.9 15.9 python3.7 01_decisionTree.py
2023-07-06 13:20:50   59059    1961 55.8 15.9 python3.7 01_decisionTree.py
2023-07-06 13:20:51   59059    1961 55.7 15.9 python3.7 01_decisionTree.py
2023-07-06 13:20:52   59059    1961 55.5 15.9 python3.7 01_decisionTree.py
2023-07-06 13:20:53   59059    1961 55.4 15.9 python3.7 01_decisionTree.py
2023-07-06 13:20:54   59059    1961 55.3 15.9 python3.7 01_decisionTree.py
2023-07-06 13:20:55   59059    1961 55.3 25.1 python3.7 01_decisionTree.py
2023-07-06 13:20:56   59059    1961 55.5 40.9 python3.7 01_decisionTree.py
2023-07-06 13:20:57   59059    1961 55.6 27.1 python3.7 01_decisionTree.py
2023-07-06 13:20:58   59059    1961 55.7 34.0 python3.7 01_decisionTree.py
2023-07-06 13:20:59   59059    1961 55.7 40.3 python3.7 01_decisionTree.py
2023-07-06 13:21:00   59059    1961 55.8 31.8 python3.7 01_decisionTree.py
2023-07-06 13:21:01   59059    1961 55.9 30.1 python3.7 01_decisionTree.py
2023-07-06 13:21:02   59059    1961 56.0 31.1 python3.7 01_decisionTree.py
2023-07-06 13:21:04   59059    1961 56.1 32.2 python3.7 01_decisionTree.py
2023-07-06 13:21:05   59059    1961 56.2 33.3 python3.7 01_decisionTree.py
2023-07-06 13:21:06   59059    1961 56.3 34.4 python3.7 01_decisionTree.py
2023-07-06 13:21:07   59059    1961 56.4 35.4 python3.7 01_decisionTree.py
2023-07-06 13:21:08   59059    1961 56.4 15.9 python3.7 01_decisionTree.py
2023-07-06 13:21:09   59059    1961 56.3 15.9 python3.7 01_decisionTree.py
2023-07-06 13:21:10   59059    1961 56.2 15.9 python3.7 01_decisionTree.py
2023-07-06 13:21:11   59059    1961 56.1 15.9 python3.7 01_decisionTree.py
2023-07-06 13:21:12   59059    1961 56.0 15.9 python3.7 01_decisionTree.py
2023-07-06 13:21:13   59059    1961 55.8 15.9 python3.7 01_decisionTree.py
2023-07-06 13:21:14   59059    1961 55.7 15.9 python3.7 01_decisionTree.py
2023-07-06 13:21:15   59059    1961 55.5 15.9 python3.7 01_decisionTree.py
2023-07-06 13:21:16   59059    1961 55.4 15.9 python3.7 01_decisionTree.py
2023-07-06 13:21:17   59059    1961 55.3 16.0 python3.7 01_decisionTree.py
2023-07-06 13:21:18   59059    1961 55.4 28.8 python3.7 01_decisionTree.py
2023-07-06 13:21:20   59059    1961 55.5 15.9 python3.7 01_decisionTree.py
2023-07-06 13:21:21   59059    1961 55.6 29.7 python3.7 01_decisionTree.py
2023-07-06 13:21:22   59059    1961 55.7 35.9 python3.7 01_decisionTree.py
2023-07-06 13:21:23   59059    1961 55.8 41.8 python3.7 01_decisionTree.py
2023-07-06 13:21:24   59059    1961 55.9 29.4 python3.7 01_decisionTree.py
2023-07-06 13:21:25   59059    1961 56.0 30.5 python3.7 01_decisionTree.py
2023-07-06 13:21:26   59059    1961 56.1 31.6 python3.7 01_decisionTree.py
2023-07-06 13:21:27   59059    1961 56.2 32.7 python3.7 01_decisionTree.py
2023-07-06 13:21:28   59059    1961 56.3 33.7 python3.7 01_decisionTree.py
2023-07-06 13:21:29   59059    1961 56.3 34.8 python3.7 01_decisionTree.py
2023-07-06 13:21:30   59059    1961 56.4 22.4 python3.7 01_decisionTree.py
2023-07-06 13:21:31   59059    1961 56.3 15.9 python3.7 01_decisionTree.py
2023-07-06 13:21:32   59059    1961 56.2 15.9 python3.7 01_decisionTree.py
2023-07-06 13:21:34   59059    1961 56.1 15.9 python3.7 01_decisionTree.py
2023-07-06 13:21:35   59059    1961 56.0 15.9 python3.7 01_decisionTree.py
2023-07-06 13:21:36   59059    1961 55.9 15.9 python3.7 01_decisionTree.py
2023-07-06 13:21:37   59059    1961 55.8 15.9 python3.7 01_decisionTree.py
2023-07-06 13:21:38   59059    1961 55.7 15.9 python3.7 01_decisionTree.py
2023-07-06 13:21:39   59059    1961 55.6 15.9 python3.7 01_decisionTree.py
2023-07-06 13:21:40   59059    1961 55.4 15.9 python3.7 01_decisionTree.py
2023-07-06 13:21:41   59059    1961 55.4 22.7 python3.7 01_decisionTree.py
2023-07-06 13:21:42   59059    1961 55.5 35.8 python3.7 01_decisionTree.py
2023-07-06 13:21:43   59059    1961 55.6 21.9 python3.7 01_decisionTree.py
2023-07-06 13:21:44   59059    1961 55.6 32.0 python3.7 01_decisionTree.py
2023-07-06 13:21:45   59059    1961 55.7 37.5 python3.7 01_decisionTree.py
2023-07-06 13:21:46   59059    1961 55.8 41.8 python3.7 01_decisionTree.py
2023-07-06 13:21:48   59059    1961 55.9 29.6 python3.7 01_decisionTree.py
2023-07-06 13:21:49   59059    1961 56.0 30.7 python3.7 01_decisionTree.py
2023-07-06 13:21:50   59059    1961 56.1 31.8 python3.7 01_decisionTree.py
2023-07-06 13:21:51   59059    1961 56.2 32.9 python3.7 01_decisionTree.py
2023-07-06 13:21:52   59059    1961 56.3 33.9 python3.7 01_decisionTree.py
2023-07-06 13:21:53   59059    1961 56.4 35.0 python3.7 01_decisionTree.py
2023-07-06 13:21:54   59059    1961 56.5 15.9 python3.7 01_decisionTree.py
2023-07-06 13:21:55   59059    1961 56.4 15.9 python3.7 01_decisionTree.py
2023-07-06 13:21:56   59059    1961 56.3 15.9 python3.7 01_decisionTree.py
2023-07-06 13:21:57   59059    1961 56.1 15.9 python3.7 01_decisionTree.py
2023-07-06 13:21:58   59059    1961 56.0 15.9 python3.7 01_decisionTree.py
2023-07-06 13:21:59   59059    1961 55.9 15.9 python3.7 01_decisionTree.py
2023-07-06 13:22:00   59059    1961 55.8 15.9 python3.7 01_decisionTree.py
2023-07-06 13:22:02   59059    1961 55.7 15.9 python3.7 01_decisionTree.py
2023-07-06 13:22:03   59059    1961 55.6 15.9 python3.7 01_decisionTree.py
2023-07-06 13:22:04   59059    1961 55.5 15.9 python3.7 01_decisionTree.py
2023-07-06 13:22:05   59059    1961 55.5 25.1 python3.7 01_decisionTree.py
2023-07-06 13:22:06   59059    1961 55.6 40.9 python3.7 01_decisionTree.py
2023-07-06 13:22:07   59059    1961 55.7 27.3 python3.7 01_decisionTree.py
2023-07-06 13:22:08   59059    1961 55.8 34.2 python3.7 01_decisionTree.py
2023-07-06 13:22:09   59059    1961 55.9 40.3 python3.7 01_decisionTree.py
2023-07-06 13:22:10   59059    1961 56.0 29.7 python3.7 01_decisionTree.py
2023-07-06 13:22:11   59059    1961 56.1 30.1 python3.7 01_decisionTree.py
2023-07-06 13:22:12   59059    1961 56.1 31.1 python3.7 01_decisionTree.py
2023-07-06 13:22:13   59059    1961 56.1 32.2 python3.7 01_decisionTree.py
2023-07-06 13:22:14   59059    1961 56.2 33.3 python3.7 01_decisionTree.py
2023-07-06 13:22:15   59059    1961 56.3 34.4 python3.7 01_decisionTree.py
2023-07-06 13:22:16   59059    1961 56.4 35.5 python3.7 01_decisionTree.py
2023-07-06 13:22:18   59059    1961 56.4 15.9 python3.7 01_decisionTree.py
2023-07-06 13:22:19   59059    1961 56.3 15.9 python3.7 01_decisionTree.py
2023-07-06 13:22:20   59059    1961 56.2 15.9 python3.7 01_decisionTree.py
2023-07-06 13:22:21   59059    1961 56.1 15.9 python3.7 01_decisionTree.py
2023-07-06 13:22:22   59059    1961 56.0 15.9 python3.7 01_decisionTree.py
2023-07-06 13:22:23   59059    1961 55.9 15.9 python3.7 01_decisionTree.py
2023-07-06 13:22:24   59059    1961 55.8 15.9 python3.7 01_decisionTree.py
2023-07-06 13:22:25   59059    1961 55.7 15.9 python3.7 01_decisionTree.py
2023-07-06 13:22:26   59059    1961 55.6 15.9 python3.7 01_decisionTree.py
2023-07-06 13:22:27   59059    1961 55.5 16.4 python3.7 01_decisionTree.py
2023-07-06 13:22:28   59059    1961 55.5 30.1 python3.7 01_decisionTree.py
2023-07-06 13:22:29   59059    1961 55.6 16.1 python3.7 01_decisionTree.py
2023-07-06 13:22:30   59059    1961 55.7 30.1 python3.7 01_decisionTree.py
2023-07-06 13:22:31   59059    1961 55.8 36.0 python3.7 01_decisionTree.py
2023-07-06 13:22:33   59059    1961 55.9 41.8 python3.7 01_decisionTree.py
2023-07-06 13:22:34   59059    1961 56.0 29.4 python3.7 01_decisionTree.py
2023-07-06 13:22:35   59059    1961 56.1 30.5 python3.7 01_decisionTree.py
2023-07-06 13:22:36   59059    1961 56.2 31.6 python3.7 01_decisionTree.py
2023-07-06 13:22:37   59059    1961 56.3 32.6 python3.7 01_decisionTree.py
2023-07-06 13:22:38   59059    1961 56.4 33.7 python3.7 01_decisionTree.py
2023-07-06 13:22:39   59059    1961 56.4 34.8 python3.7 01_decisionTree.py
2023-07-06 13:22:40   59059    1961 56.5 24.3 python3.7 01_decisionTree.py
2023-07-06 13:22:41   59059    1961 56.5 15.9 python3.7 01_decisionTree.py
2023-07-06 13:22:42   59059    1961 56.3 15.9 python3.7 01_decisionTree.py
2023-07-06 13:22:43   59059    1961 56.2 15.9 python3.7 01_decisionTree.py
2023-07-06 13:22:44   59059    1961 56.1 15.9 python3.7 01_decisionTree.py
2023-07-06 13:22:45   59059    1961 56.0 15.9 python3.7 01_decisionTree.py
2023-07-06 13:22:47   59059    1961 55.9 15.9 python3.7 01_decisionTree.py
2023-07-06 13:22:48   59059    1961 55.8 15.9 python3.7 01_decisionTree.py
2023-07-06 13:22:49   59059    1961 55.7 15.9 python3.7 01_decisionTree.py
2023-07-06 13:22:50   59059    1961 55.6 15.9 python3.7 01_decisionTree.py
2023-07-06 13:22:51   59059    1961 55.6 22.2 python3.7 01_decisionTree.py
2023-07-06 13:22:52   59059    1961 55.7 37.6 python3.7 01_decisionTree.py
2023-07-06 13:22:53   59059    1961 55.8 23.8 python3.7 01_decisionTree.py
2023-07-06 13:22:54   59059    1961 55.8 32.7 python3.7 01_decisionTree.py
2023-07-06 13:22:55   59059    1961 55.9 38.1 python3.7 01_decisionTree.py
2023-07-06 13:22:56   59059    1961 56.0 41.8 python3.7 01_decisionTree.py
2023-07-06 13:22:57   59059    1961 56.0 29.7 python3.7 01_decisionTree.py
2023-07-06 13:22:58   59059    1961 56.1 30.8 python3.7 01_decisionTree.py
2023-07-06 13:23:00   59059    1961 56.2 31.9 python3.7 01_decisionTree.py
2023-07-06 13:23:01   59059    1961 56.3 33.0 python3.7 01_decisionTree.py
2023-07-06 13:23:02   59059    1961 56.4 34.0 python3.7 01_decisionTree.py
2023-07-06 13:23:03   59059    1961 56.5 35.1 python3.7 01_decisionTree.py
2023-07-06 13:23:04   59059    1961 56.5 15.9 python3.7 01_decisionTree.py
2023-07-06 13:23:05   59059    1961 56.4 15.9 python3.7 01_decisionTree.py
2023-07-06 13:23:06   59059    1961 56.3 15.9 python3.7 01_decisionTree.py
2023-07-06 13:23:07   59059    1961 56.2 15.9 python3.7 01_decisionTree.py
2023-07-06 13:23:08   59059    1961 56.2 15.9 python3.7 01_decisionTree.py
2023-07-06 13:23:09   59059    1961 56.1 15.9 python3.7 01_decisionTree.py
2023-07-06 13:23:10   59059    1961 55.9 15.9 python3.7 01_decisionTree.py
2023-07-06 13:23:11   59059    1961 55.8 15.9 python3.7 01_decisionTree.py
2023-07-06 13:23:12   59059    1961 55.7 15.9 python3.7 01_decisionTree.py
2023-07-06 13:23:13   59059    1961 55.6 15.9 python3.7 01_decisionTree.py
2023-07-06 13:23:14   59059    1961 55.6 26.3 python3.7 01_decisionTree.py
2023-07-06 13:23:16   59059    1961 55.7 35.5 python3.7 01_decisionTree.py
2023-07-06 13:23:17   59059    1961 55.8 28.5 python3.7 01_decisionTree.py
2023-07-06 13:23:18   59059    1961 55.9 34.4 python3.7 01_decisionTree.py
2023-07-06 13:23:19   59059    1961 56.0 39.9 python3.7 01_decisionTree.py
2023-07-06 13:23:20   59059    1961 56.1 41.4 python3.7 01_decisionTree.py
2023-07-06 13:23:21   59059    1961 56.1 30.0 python3.7 01_decisionTree.py
2023-07-06 13:23:22   59059    1961 56.2 31.1 python3.7 01_decisionTree.py
2023-07-06 13:23:23   59059    1961 56.3 32.2 python3.7 01_decisionTree.py
2023-07-06 13:23:24   59059    1961 56.4 33.2 python3.7 01_decisionTree.py
2023-07-06 13:23:25   59059    1961 56.5 34.3 python3.7 01_decisionTree.py
2023-07-06 13:23:26   59059    1961 56.5 35.4 python3.7 01_decisionTree.py
2023-07-06 13:23:27   59059    1961 56.5 15.9 python3.7 01_decisionTree.py
2023-07-06 13:23:28   59059    1961 56.4 15.9 python3.7 01_decisionTree.py
2023-07-06 13:23:29   59059    1961 56.3 15.9 python3.7 01_decisionTree.py
2023-07-06 13:23:30   59059    1961 56.2 15.9 python3.7 01_decisionTree.py
2023-07-06 13:23:32   59059    1961 56.1 15.9 python3.7 01_decisionTree.py
2023-07-06 13:23:33   59059    1961 56.0 15.9 python3.7 01_decisionTree.py
2023-07-06 13:23:34   59059    1961 55.9 15.9 python3.7 01_decisionTree.py
2023-07-06 13:23:35   59059    1961 55.8 15.9 python3.7 01_decisionTree.py
2023-07-06 13:23:36   59059    1961 55.7 15.9 python3.7 01_decisionTree.py
2023-07-06 13:23:37   59059    1961 55.7 16.2 python3.7 01_decisionTree.py
2023-07-06 13:23:38   59059    1961 55.7 30.2 python3.7 01_decisionTree.py
2023-07-06 13:23:39   59059    1961 55.8 16.4 python3.7 01_decisionTree.py
2023-07-06 13:23:40   59059    1961 55.9 30.3 python3.7 01_decisionTree.py
2023-07-06 13:23:41   59059    1961 56.0 36.3 python3.7 01_decisionTree.py
2023-07-06 13:23:42   59059    1961 56.0 41.8 python3.7 01_decisionTree.py
2023-07-06 13:23:43   59059    1961 56.1 29.6 python3.7 01_decisionTree.py
2023-07-06 13:23:45   59059    1961 56.2 30.6 python3.7 01_decisionTree.py
2023-07-06 13:23:46   59059    1961 56.2 31.7 python3.7 01_decisionTree.py
2023-07-06 13:23:47   59059    1961 56.3 32.8 python3.7 01_decisionTree.py
2023-07-06 13:23:48   59059    1961 56.4 33.9 python3.7 01_decisionTree.py
2023-07-06 13:23:49   59059    1961 56.5 35.0 python3.7 01_decisionTree.py
2023-07-06 13:23:50   59059    1961 56.5 22.3 python3.7 01_decisionTree.py
2023-07-06 13:23:51   59059    1961 56.5 15.9 python3.7 01_decisionTree.py
2023-07-06 13:23:52   59059    1961 56.4 15.9 python3.7 01_decisionTree.py
2023-07-06 13:23:53   59059    1961 56.3 15.9 python3.7 01_decisionTree.py
2023-07-06 13:23:54   59059    1961 56.2 15.9 python3.7 01_decisionTree.py
2023-07-06 13:23:55   59059    1961 56.1 15.9 python3.7 01_decisionTree.py
2023-07-06 13:23:56   59059    1961 55.9 15.9 python3.7 01_decisionTree.py
2023-07-06 13:23:57   59059    1961 55.9 15.9 python3.7 01_decisionTree.py
2023-07-06 13:23:58   59059    1961 55.8 15.9 python3.7 01_decisionTree.py
2023-07-06 13:23:59   59059    1961 55.7 15.9 python3.7 01_decisionTree.py
2023-07-06 13:24:01   59059    1961 55.7 23.6 python3.7 01_decisionTree.py
2023-07-06 13:24:02   59059    1961 55.8 38.4 python3.7 01_decisionTree.py
2023-07-06 13:24:03   59059    1961 55.8 24.9 python3.7 01_decisionTree.py
2023-07-06 13:24:04   59059    1961 55.9 33.8 python3.7 01_decisionTree.py
2023-07-06 13:24:05   59059    1961 56.0 40.0 python3.7 01_decisionTree.py
2023-07-06 13:24:06   59059    1961 56.1 33.9 python3.7 01_decisionTree.py
2023-07-06 13:24:07   59059    1961 56.1 30.1 python3.7 01_decisionTree.py
2023-07-06 13:24:08   59059    1961 56.2 31.1 python3.7 01_decisionTree.py
2023-07-06 13:24:09   59059    1961 56.3 32.2 python3.7 01_decisionTree.py
2023-07-06 13:24:10   59059    1961 56.4 33.3 python3.7 01_decisionTree.py
2023-07-06 13:24:11   59059    1961 56.4 34.4 python3.7 01_decisionTree.py
2023-07-06 13:24:12   59059    1961 56.4 35.5 python3.7 01_decisionTree.py
2023-07-06 13:24:13   59059    1961 56.4 15.9 python3.7 01_decisionTree.py
2023-07-06 13:24:14   59059    1961 56.4 15.9 python3.7 01_decisionTree.py
2023-07-06 13:24:15   59059    1961 56.3 15.9 python3.7 01_decisionTree.py
2023-07-06 13:24:16   59059    1961 56.2 15.9 python3.7 01_decisionTree.py
2023-07-06 13:24:18   59059    1961 56.1 15.9 python3.7 01_decisionTree.py
2023-07-06 13:24:19   59059    1961 56.0 15.9 python3.7 01_decisionTree.py
2023-07-06 13:24:20   59059    1961 55.9 15.9 python3.7 01_decisionTree.py
2023-07-06 13:24:21   59059    1961 55.9 15.9 python3.7 01_decisionTree.py
2023-07-06 13:24:22   59059    1961 55.8 15.9 python3.7 01_decisionTree.py
2023-07-06 13:24:23   59059    1961 55.7 16.1 python3.7 01_decisionTree.py
2023-07-06 13:24:24   59059    1961 55.8 30.5 python3.7 01_decisionTree.py
2023-07-06 13:24:25   59059    1961 55.8 16.9 python3.7 01_decisionTree.py
2023-07-06 13:24:26   59059    1961 55.9 30.6 python3.7 01_decisionTree.py
2023-07-06 13:24:27   59059    1961 56.0 36.1 python3.7 01_decisionTree.py
2023-07-06 13:24:28   59059    1961 56.0 41.5 python3.7 01_decisionTree.py
2023-07-06 13:24:29   59059    1961 56.1 29.3 python3.7 01_decisionTree.py
2023-07-06 13:24:30   59059    1961 56.1 30.3 python3.7 01_decisionTree.py
2023-07-06 13:24:31   59059    1961 56.2 31.4 python3.7 01_decisionTree.py
2023-07-06 13:24:33   59059    1961 56.3 32.5 python3.7 01_decisionTree.py
2023-07-06 13:24:34   59059    1961 56.4 33.6 python3.7 01_decisionTree.py
2023-07-06 13:24:35   59059    1961 56.4 34.6 python3.7 01_decisionTree.py
2023-07-06 13:24:36   59059    1961 56.5 35.3 python3.7 01_decisionTree.py
2023-07-06 13:24:37   59059    1961 56.5 15.9 python3.7 01_decisionTree.py
2023-07-06 13:24:38   59059    1961 56.4 15.9 python3.7 01_decisionTree.py
2023-07-06 13:24:39   59059    1961 56.3 15.9 python3.7 01_decisionTree.py
2023-07-06 13:24:40   59059    1961 56.2 15.9 python3.7 01_decisionTree.py
2023-07-06 13:24:41   59059    1961 56.1 15.9 python3.7 01_decisionTree.py
2023-07-06 13:24:42   59059    1961 56.1 15.9 python3.7 01_decisionTree.py
2023-07-06 13:24:43   59059    1961 56.0 15.9 python3.7 01_decisionTree.py
2023-07-06 13:24:44   59059    1961 55.8 15.9 python3.7 01_decisionTree.py
2023-07-06 13:24:45   59059    1961 55.7 15.9 python3.7 01_decisionTree.py
2023-07-06 13:24:46   59059    1961 55.7 20.0 python3.7 01_decisionTree.py
2023-07-06 13:24:47   59059    1961 55.8 35.8 python3.7 01_decisionTree.py
2023-07-06 13:24:49   59059    1961 55.9 22.3 python3.7 01_decisionTree.py
2023-07-06 13:24:50   59059    1961 55.9 32.3 python3.7 01_decisionTree.py
2023-07-06 13:24:51   59059    1961 56.0 37.9 python3.7 01_decisionTree.py
2023-07-06 13:24:52   59059    1961 56.1 41.8 python3.7 01_decisionTree.py
2023-07-06 13:24:53   59059    1961 56.2 29.7 python3.7 01_decisionTree.py
2023-07-06 13:24:54   59059    1961 56.2 30.8 python3.7 01_decisionTree.py
2023-07-06 13:24:55   59059    1961 56.3 31.9 python3.7 01_decisionTree.py
2023-07-06 13:24:56   59059    1961 56.4 33.0 python3.7 01_decisionTree.py
2023-07-06 13:24:57   59059    1961 56.4 34.1 python3.7 01_decisionTree.py
2023-07-06 13:24:58   59059    1961 56.4 35.1 python3.7 01_decisionTree.py
2023-07-06 13:24:59   59059    1961 56.5 15.9 python3.7 01_decisionTree.py
2023-07-06 13:25:00   59059    1961 56.4 15.9 python3.7 01_decisionTree.py
2023-07-06 13:25:01   59059    1961 56.3 15.9 python3.7 01_decisionTree.py
2023-07-06 13:25:03   59059    1961 56.3 15.9 python3.7 01_decisionTree.py
2023-07-06 13:25:04   59059    1961 56.2 15.9 python3.7 01_decisionTree.py
2023-07-06 13:25:05   59059    1961 56.1 15.9 python3.7 01_decisionTree.py
2023-07-06 13:25:06   59059    1961 56.0 15.9 python3.7 01_decisionTree.py
2023-07-06 13:25:07   59059    1961 55.9 15.9 python3.7 01_decisionTree.py
2023-07-06 13:25:08   59059    1961 55.9 15.9 python3.7 01_decisionTree.py
2023-07-06 13:25:09   59059    1961 55.8 15.9 python3.7 01_decisionTree.py
2023-07-06 13:25:10 python3.7 01_decisionTree.py is not running
2023-07-06 13:25:11 python3.7 01_decisionTree.py is not running
2023-07-06 13:25:12 python3.7 01_decisionTree.py is not running
2023-07-06 13:25:13 python3.7 01_decisionTree.py is not running
2023-07-06 13:25:14 python3.7 01_decisionTree.py is not running
2023-07-06 13:25:15 python3.7 01_decisionTree.py is not running
2023-07-06 13:25:16 python3.7 01_decisionTree.py is not running
2023-07-06 13:25:17 python3.7 01_decisionTree.py is not running
2023-07-06 13:25:18 python3.7 01_decisionTree.py is not running
2023-07-06 13:25:19 python3.7 01_decisionTree.py is not running
2023-07-06 13:25:20 python3.7 01_decisionTree.py is not running
2023-07-06 13:25:22 python3.7 01_decisionTree.py is not running
2023-07-06 13:25:23 python3.7 01_decisionTree.py is not running
2023-07-06 13:25:24 python3.7 01_decisionTree.py is not running
2023-07-06 13:25:25 python3.7 01_decisionTree.py is not running
2023-07-06 13:25:26 python3.7 01_decisionTree.py is not running
2023-07-06 13:25:27 python3.7 01_decisionTree.py is not running
2023-07-06 13:25:28 python3.7 01_decisionTree.py is not running
2023-07-06 13:25:29 python3.7 01_decisionTree.py is not running
2023-07-06 13:25:30 python3.7 01_decisionTree.py is not running
2023-07-06 13:25:31 python3.7 01_decisionTree.py is not running
2023-07-06 13:25:32 python3.7 01_decisionTree.py is not running
2023-07-06 13:25:33 python3.7 01_decisionTree.py is not running
2023-07-06 13:25:34 python3.7 01_decisionTree.py is not running
2023-07-06 13:25:35 python3.7 01_decisionTree.py is not running
2023-07-06 13:25:36 python3.7 01_decisionTree.py is not running
2023-07-06 13:25:37 python3.7 01_decisionTree.py is not running
2023-07-06 13:25:38 python3.7 01_decisionTree.py is not running
2023-07-06 13:25:39 python3.7 01_decisionTree.py is not running
2023-07-06 13:25:40 python3.7 01_decisionTree.py is not running
2023-07-06 13:25:41 python3.7 01_decisionTree.py is not running
2023-07-06 13:25:42 python3.7 01_decisionTree.py is not running
2023-07-06 13:25:43 python3.7 01_decisionTree.py is not running
2023-07-06 13:25:44 python3.7 01_decisionTree.py is not running
2023-07-06 13:25:45 python3.7 01_decisionTree.py is not running
2023-07-06 13:25:47 python3.7 01_decisionTree.py is not running
2023-07-06 13:25:48 python3.7 01_decisionTree.py is not running
2023-07-06 13:25:49 python3.7 01_decisionTree.py is not running
2023-07-06 13:25:50 python3.7 01_decisionTree.py is not running
2023-07-06 13:25:51 python3.7 01_decisionTree.py is not running
2023-07-06 13:25:52 python3.7 01_decisionTree.py is not running
2023-07-06 13:25:53 python3.7 01_decisionTree.py is not running
2023-07-06 13:25:54 python3.7 01_decisionTree.py is not running
2023-07-06 13:25:55 python3.7 01_decisionTree.py is not running
2023-07-06 13:25:56 python3.7 01_decisionTree.py is not running
2023-07-06 13:25:57 python3.7 01_decisionTree.py is not running
2023-07-06 13:25:58 python3.7 01_decisionTree.py is not running
2023-07-06 13:25:59 python3.7 01_decisionTree.py is not running
2023-07-06 13:26:00 python3.7 01_decisionTree.py is not running
2023-07-06 13:26:01 python3.7 01_decisionTree.py is not running
2023-07-06 13:26:02 python3.7 01_decisionTree.py is not running
2023-07-06 13:26:03 python3.7 01_decisionTree.py is not running
2023-07-06 13:26:04 python3.7 01_decisionTree.py is not running
2023-07-06 13:26:05 python3.7 01_decisionTree.py is not running
2023-07-06 13:26:06 python3.7 01_decisionTree.py is not running
2023-07-06 13:26:07 python3.7 01_decisionTree.py is not running
2023-07-06 13:26:08 python3.7 01_decisionTree.py is not running
2023-07-06 13:26:10 python3.7 01_decisionTree.py is not running
2023-07-06 13:26:11 python3.7 01_decisionTree.py is not running
2023-07-06 13:26:12 python3.7 01_decisionTree.py is not running
2023-07-06 13:26:13 python3.7 01_decisionTree.py is not running
2023-07-06 13:26:14 python3.7 01_decisionTree.py is not running
2023-07-06 13:26:15 python3.7 01_decisionTree.py is not running
2023-07-06 13:26:16 python3.7 01_decisionTree.py is not running
2023-07-06 13:26:17 python3.7 01_decisionTree.py is not running
2023-07-06 13:26:18 python3.7 01_decisionTree.py is not running
2023-07-06 13:26:19 python3.7 01_decisionTree.py is not running
2023-07-06 13:26:20 python3.7 01_decisionTree.py is not running
2023-07-06 13:26:21 python3.7 01_decisionTree.py is not running
2023-07-06 13:26:22 python3.7 01_decisionTree.py is not running
2023-07-06 13:26:23 python3.7 01_decisionTree.py is not running
2023-07-06 13:26:24 python3.7 01_decisionTree.py is not running
2023-07-06 13:26:25 python3.7 01_decisionTree.py is not running
2023-07-06 13:26:26 python3.7 01_decisionTree.py is not running
2023-07-06 13:26:27 python3.7 01_decisionTree.py is not running
2023-07-06 13:26:28 python3.7 01_decisionTree.py is not running
2023-07-06 13:26:29 python3.7 01_decisionTree.py is not running
2023-07-06 13:26:30 python3.7 01_decisionTree.py is not running
2023-07-06 13:26:31 python3.7 01_decisionTree.py is not running
2023-07-06 13:26:32 python3.7 01_decisionTree.py is not running
2023-07-06 13:26:33 python3.7 01_decisionTree.py is not running
2023-07-06 13:26:35 python3.7 01_decisionTree.py is not running
2023-07-06 13:26:36 python3.7 01_decisionTree.py is not running
2023-07-06 13:26:37 python3.7 01_decisionTree.py is not running
2023-07-06 13:26:38 python3.7 01_decisionTree.py is not running
2023-07-06 13:26:39 python3.7 01_decisionTree.py is not running
2023-07-06 13:26:40 python3.7 01_decisionTree.py is not running
2023-07-06 13:26:41 python3.7 01_decisionTree.py is not running
2023-07-06 13:26:42 python3.7 01_decisionTree.py is not running
2023-07-06 13:26:43 python3.7 01_decisionTree.py is not running
2023-07-06 13:26:44 python3.7 01_decisionTree.py is not running
2023-07-06 13:26:45 python3.7 01_decisionTree.py is not running
2023-07-06 13:26:46 python3.7 01_decisionTree.py is not running
2023-07-06 13:26:47 python3.7 01_decisionTree.py is not running
2023-07-06 13:26:48 python3.7 01_decisionTree.py is not running
2023-07-06 13:26:49 python3.7 01_decisionTree.py is not running
2023-07-06 13:26:50 python3.7 01_decisionTree.py is not running
2023-07-06 13:26:51 python3.7 01_decisionTree.py is not running
2023-07-06 13:26:52 python3.7 01_decisionTree.py is not running
2023-07-06 13:26:53 python3.7 01_decisionTree.py is not running
2023-07-06 13:26:54 python3.7 01_decisionTree.py is not running
2023-07-06 13:26:55 python3.7 01_decisionTree.py is not running
2023-07-06 13:26:56 python3.7 01_decisionTree.py is not running
2023-07-06 13:26:57 python3.7 01_decisionTree.py is not running
2023-07-06 13:26:59 python3.7 01_decisionTree.py is not running
2023-07-06 13:27:00 python3.7 01_decisionTree.py is not running
2023-07-06 13:27:01 python3.7 01_decisionTree.py is not running
2023-07-06 13:27:02 python3.7 01_decisionTree.py is not running
2023-07-06 13:27:03 python3.7 01_decisionTree.py is not running
2023-07-06 13:27:04 python3.7 01_decisionTree.py is not running
2023-07-06 13:27:05 python3.7 01_decisionTree.py is not running
2023-07-06 13:27:06 python3.7 01_decisionTree.py is not running
2023-07-06 13:27:07 python3.7 01_decisionTree.py is not running
2023-07-06 13:27:08 python3.7 01_decisionTree.py is not running
2023-07-06 13:27:09 python3.7 01_decisionTree.py is not running
2023-07-06 13:27:10 python3.7 01_decisionTree.py is not running
2023-07-06 13:27:11 python3.7 01_decisionTree.py is not running
2023-07-06 13:27:12 python3.7 01_decisionTree.py is not running
2023-07-06 13:27:13 python3.7 01_decisionTree.py is not running
2023-07-06 13:27:14 python3.7 01_decisionTree.py is not running
2023-07-06 13:27:15 python3.7 01_decisionTree.py is not running
2023-07-06 13:27:16 python3.7 01_decisionTree.py is not running
2023-07-06 13:27:17 python3.7 01_decisionTree.py is not running
2023-07-06 13:27:18 python3.7 01_decisionTree.py is not running
2023-07-06 13:27:20 python3.7 01_decisionTree.py is not running
2023-07-06 13:27:21 python3.7 01_decisionTree.py is not running
2023-07-06 13:27:22 python3.7 01_decisionTree.py is not running
2023-07-06 13:27:23 python3.7 01_decisionTree.py is not running
2023-07-06 13:27:24 python3.7 01_decisionTree.py is not running
2023-07-06 13:27:25 python3.7 01_decisionTree.py is not running
2023-07-06 13:27:26 python3.7 01_decisionTree.py is not running
2023-07-06 13:27:27 python3.7 01_decisionTree.py is not running
2023-07-06 13:27:28 python3.7 01_decisionTree.py is not running
2023-07-06 13:27:29 python3.7 01_decisionTree.py is not running
2023-07-06 13:27:30 python3.7 01_decisionTree.py is not running
2023-07-06 13:27:31 python3.7 01_decisionTree.py is not running
2023-07-06 13:27:32 python3.7 01_decisionTree.py is not running
2023-07-06 13:27:33 python3.7 01_decisionTree.py is not running
2023-07-06 13:27:34 python3.7 01_decisionTree.py is not running
2023-07-06 13:27:35 python3.7 01_decisionTree.py is not running
2023-07-06 13:27:36 python3.7 01_decisionTree.py is not running
2023-07-06 13:27:37 python3.7 01_decisionTree.py is not running
2023-07-06 13:27:38 python3.7 01_decisionTree.py is not running
2023-07-06 13:27:39 python3.7 01_decisionTree.py is not running
2023-07-06 13:27:40 python3.7 01_decisionTree.py is not running
2023-07-06 13:27:41 python3.7 01_decisionTree.py is not running
2023-07-06 13:27:42 python3.7 01_decisionTree.py is not running
2023-07-06 13:27:43 python3.7 01_decisionTree.py is not running
2023-07-06 13:27:45 python3.7 01_decisionTree.py is not running
2023-07-06 13:27:46 python3.7 01_decisionTree.py is not running
2023-07-06 13:27:47 python3.7 01_decisionTree.py is not running
2023-07-06 13:27:48 python3.7 01_decisionTree.py is not running
2023-07-06 13:27:49 python3.7 01_decisionTree.py is not running
2023-07-06 13:27:50 python3.7 01_decisionTree.py is not running
2023-07-06 13:27:51 python3.7 01_decisionTree.py is not running
2023-07-06 13:27:52 python3.7 01_decisionTree.py is not running
2023-07-06 13:27:53 python3.7 01_decisionTree.py is not running
2023-07-06 13:27:54 python3.7 01_decisionTree.py is not running
2023-07-06 13:27:55 python3.7 01_decisionTree.py is not running
2023-07-06 13:27:56 python3.7 01_decisionTree.py is not running
2023-07-06 13:27:57 python3.7 01_decisionTree.py is not running
2023-07-06 13:27:58 python3.7 01_decisionTree.py is not running
2023-07-06 13:27:59 python3.7 01_decisionTree.py is not running
2023-07-06 13:28:00 python3.7 01_decisionTree.py is not running
2023-07-06 13:28:01 python3.7 01_decisionTree.py is not running
2023-07-06 13:28:02 python3.7 01_decisionTree.py is not running
2023-07-06 13:28:03 python3.7 01_decisionTree.py is not running
2023-07-06 13:28:04 python3.7 01_decisionTree.py is not running
2023-07-06 13:28:05 python3.7 01_decisionTree.py is not running
2023-07-06 13:28:06 python3.7 01_decisionTree.py is not running
2023-07-06 13:28:08 python3.7 01_decisionTree.py is not running
2023-07-06 13:28:09 python3.7 01_decisionTree.py is not running
2023-07-06 13:28:10 python3.7 01_decisionTree.py is not running
2023-07-06 13:28:11 python3.7 01_decisionTree.py is not running
2023-07-06 13:28:12 python3.7 01_decisionTree.py is not running
2023-07-06 13:28:13 python3.7 01_decisionTree.py is not running
2023-07-06 13:28:14 python3.7 01_decisionTree.py is not running
2023-07-06 13:28:15 python3.7 01_decisionTree.py is not running
2023-07-06 13:28:16 python3.7 01_decisionTree.py is not running
2023-07-06 13:28:17 python3.7 01_decisionTree.py is not running
2023-07-06 13:28:18 python3.7 01_decisionTree.py is not running
2023-07-06 13:28:19 python3.7 01_decisionTree.py is not running
2023-07-06 13:28:20 python3.7 01_decisionTree.py is not running
2023-07-06 13:28:21 python3.7 01_decisionTree.py is not running
2023-07-06 13:28:22 python3.7 01_decisionTree.py is not running
2023-07-06 13:28:23 python3.7 01_decisionTree.py is not running
2023-07-06 13:28:24 python3.7 01_decisionTree.py is not running
2023-07-06 13:28:25 python3.7 01_decisionTree.py is not running
2023-07-06 13:28:26 python3.7 01_decisionTree.py is not running
2023-07-06 13:28:27 python3.7 01_decisionTree.py is not running
2023-07-06 13:28:28 python3.7 01_decisionTree.py is not running
2023-07-06 13:28:30 python3.7 01_decisionTree.py is not running
2023-07-06 13:28:31 python3.7 01_decisionTree.py is not running
2023-07-06 13:28:32 python3.7 01_decisionTree.py is not running
2023-07-06 13:28:33 python3.7 01_decisionTree.py is not running
2023-07-06 13:28:34 python3.7 01_decisionTree.py is not running
2023-07-06 13:28:35 python3.7 01_decisionTree.py is not running
2023-07-06 13:28:36 python3.7 01_decisionTree.py is not running
2023-07-06 13:28:37 python3.7 01_decisionTree.py is not running
2023-07-06 13:28:38 python3.7 01_decisionTree.py is not running
2023-07-06 13:28:39 python3.7 01_decisionTree.py is not running
2023-07-06 13:28:40 python3.7 01_decisionTree.py is not running
2023-07-06 13:28:41 python3.7 01_decisionTree.py is not running
2023-07-06 13:28:42 python3.7 01_decisionTree.py is not running
2023-07-06 13:28:43 python3.7 01_decisionTree.py is not running
2023-07-06 13:28:44 python3.7 01_decisionTree.py is not running
2023-07-06 13:28:45 python3.7 01_decisionTree.py is not running
2023-07-06 13:28:46 python3.7 01_decisionTree.py is not running
2023-07-06 13:28:47 python3.7 01_decisionTree.py is not running
2023-07-06 13:28:48 python3.7 01_decisionTree.py is not running
2023-07-06 13:28:49 python3.7 01_decisionTree.py is not running
